2026-04-12 09:09:34,654 - ERROR - Cause exception while getting updates.
Traceback (most recent call last):
  File "/Users/vivekkumar/Library/Python/3.9/lib/python/site-packages/aiogram/dispatcher/dispatcher.py", line 381, in start_polling
    updates = await self.bot.get_updates(
  File "/Users/vivekkumar/Library/Python/3.9/lib/python/site-packages/aiogram/bot/bot.py", line 110, in get_updates
    result = await self.request(api.Methods.GET_UPDATES, payload)
  File "/Users/vivekkumar/Library/Python/3.9/lib/python/site-packages/aiogram/bot/base.py", line 236, in request
    return await api.make_request(await self.get_session(), self.server, self.__token, method, data, files,
  File "/Users/vivekkumar/Library/Python/3.9/lib/python/site-packages/aiogram/bot/api.py", line 140, in make_request
    return check_result(method, response.content_type, response.status, await response.text())
  File "/Users/vivekkumar/Library/Python/3.9/lib/python/site-packages/aiogram/bot/api.py", line 119, in check_result
    exceptions.ConflictError.detect(description)
  File "/Users/vivekkumar/Library/Python/3.9/lib/python/site-packages/aiogram/utils/exceptions.py", line 140, in detect
    raise err(cls.text or description)
aiogram.utils.exceptions.TerminatedByOtherGetUpdates: Terminated by other getupdates request; make sure that only one bot instance is running
2026-04-12 09:09:45,221 - ERROR - Cause exception while getting updates.
Traceback (most recent call last):
  File "/Users/vivekkumar/Library/Python/3.9/lib/python/site-packages/aiogram/dispatcher/dispatcher.py", line 381, in start_polling
    updates = await self.bot.get_updates(
  File "/Users/vivekkumar/Library/Python/3.9/lib/python/site-packages/aiogram/bot/bot.py", line 110, in get_updates
    result = await self.request(api.Methods.GET_UPDATES, payload)
  File "/Users/vivekkumar/Library/Python/3.9/lib/python/site-packages/aiogram/bot/base.py", line 236, in request
    return await api.make_request(await self.get_session(), self.server, self.__token, method, data, files,
  File "/Users/vivekkumar/Library/Python/3.9/lib/python/site-packages/aiogram/bot/api.py", line 140, in make_request
    return check_result(method, response.content_type, response.status, await response.text())
  File "/Users/vivekkumar/Library/Python/3.9/lib/python/site-packages/aiogram/bot/api.py", line 119, in check_result
    exceptions.ConflictError.detect(description)
  File "/Users/vivekkumar/Library/Python/3.9/lib/python/site-packages/aiogram/utils/exceptions.py", line 140, in detect
    raise err(cls.text or description)
aiogram.utils.exceptions.TerminatedByOtherGetUpdates: Terminated by other getupdates request; make sure that only one bot instance is running
2026-04-12 09:09:55,870 - ERROR - Cause exception while getting updates.
Traceback (most recent call last):
  File "/Users/vivekkumar/Library/Python/3.9/lib/python/site-packages/aiogram/dispatcher/dispatcher.py", line 381, in start_polling
    updates = await self.bot.get_updates(
  File "/Users/vivekkumar/Library/Python/3.9/lib/python/site-packages/aiogram/bot/bot.py", line 110, in get_updates
    result = await self.request(api.Methods.GET_UPDATES, payload)
  File "/Users/vivekkumar/Library/Python/3.9/lib/python/site-packages/aiogram/bot/base.py", line 236, in request
    return await api.make_request(await self.get_session(), self.server, self.__token, method, data, files,
  File "/Users/vivekkumar/Library/Python/3.9/lib/python/site-packages/aiogram/bot/api.py", line 140, in make_request
    return check_result(method, response.content_type, response.status, await response.text())
  File "/Users/vivekkumar/Library/Python/3.9/lib/python/site-packages/aiogram/bot/api.py", line 119, in check_result
    exceptions.ConflictError.detect(description)
  File "/Users/vivekkumar/Library/Python/3.9/lib/python/site-packages/aiogram/utils/exceptions.py", line 140, in detect
    raise err(cls.text or description)
aiogram.utils.exceptions.TerminatedByOtherGetUpdates: Terminated by other getupdates request; make sure that only one bot instance is running
2026-04-12 09:10:06,420 - ERROR - Cause exception while getting updates.
Traceback (most recent call last):
  File "/Users/vivekkumar/Library/Python/3.9/lib/python/site-packages/aiogram/dispatcher/dispatcher.py", line 381, in start_polling
    updates = await self.bot.get_updates(
  File "/Users/vivekkumar/Library/Python/3.9/lib/python/site-packages/aiogram/bot/bot.py", line 110, in get_updates
    result = await self.request(api.Methods.GET_UPDATES, payload)
  File "/Users/vivekkumar/Library/Python/3.9/lib/python/site-packages/aiogram/bot/base.py", line 236, in request
    return await api.make_request(await self.get_session(), self.server, self.__token, method, data, files,
  File "/Users/vivekkumar/Library/Python/3.9/lib/python/site-packages/aiogram/bot/api.py", line 140, in make_request
    return check_result(method, response.content_type, response.status, await response.text())
  File "/Users/vivekkumar/Library/Python/3.9/lib/python/site-packages/aiogram/bot/api.py", line 119, in check_result
    exceptions.ConflictError.detect(description)
  File "/Users/vivekkumar/Library/Python/3.9/lib/python/site-packages/aiogram/utils/exceptions.py", line 140, in detect
    raise err(cls.text or description)
aiogram.utils.exceptions.TerminatedByOtherGetUpdates: Terminated by other getupdates request; make sure that only one bot instance is running
2026-04-12 09:10:17,169 - ERROR - Cause exception while getting updates.
Traceback (most recent call last):
  File "/Users/vivekkumar/Library/Python/3.9/lib/python/site-packages/aiogram/dispatcher/dispatcher.py", line 381, in start_polling
    updates = await self.bot.get_updates(
  File "/Users/vivekkumar/Library/Python/3.9/lib/python/site-packages/aiogram/bot/bot.py", line 110, in get_updates
    result = await self.request(api.Methods.GET_UPDATES, payload)
  File "/Users/vivekkumar/Library/Python/3.9/lib/python/site-packages/aiogram/bot/base.py", line 236, in request
    return await api.make_request(await self.get_session(), self.server, self.__token, method, data, files,
  File "/Users/vivekkumar/Library/Python/3.9/lib/python/site-packages/aiogram/bot/api.py", line 140, in make_request
    return check_result(method, response.content_type, response.status, await response.text())
  File "/Users/vivekkumar/Library/Python/3.9/lib/python/site-packages/aiogram/bot/api.py", line 119, in check_result
    exceptions.ConflictError.detect(description)
  File "/Users/vivekkumar/Library/Python/3.9/lib/python/site-packages/aiogram/utils/exceptions.py", line 140, in detect
    raise err(cls.text or description)
aiogram.utils.exceptions.TerminatedByOtherGetUpdates: Terminated by other getupdates request; make sure that only one bot instance is running
2026-04-12 09:10:27,729 - ERROR - Cause exception while getting updates.
Traceback (most recent call last):
  File "/Users/vivekkumar/Library/Python/3.9/lib/python/site-packages/aiogram/dispatcher/dispatcher.py", line 381, in start_polling
    updates = await self.bot.get_updates(
  File "/Users/vivekkumar/Library/Python/3.9/lib/python/site-packages/aiogram/bot/bot.py", line 110, in get_updates
    result = await self.request(api.Methods.GET_UPDATES, payload)
  File "/Users/vivekkumar/Library/Python/3.9/lib/python/site-packages/aiogram/bot/base.py", line 236, in request
    return await api.make_request(await self.get_session(), self.server, self.__token, method, data, files,
  File "/Users/vivekkumar/Library/Python/3.9/lib/python/site-packages/aiogram/bot/api.py", line 140, in make_request
    return check_result(method, response.content_type, response.status, await response.text())
  File "/Users/vivekkumar/Library/Python/3.9/lib/python/site-packages/aiogram/bot/api.py", line 119, in check_result
    exceptions.ConflictError.detect(description)
  File "/Users/vivekkumar/Library/Python/3.9/lib/python/site-packages/aiogram/utils/exceptions.py", line 140, in detect
    raise err(cls.text or description)
aiogram.utils.exceptions.TerminatedByOtherGetUpdates: Terminated by other getupdates request; make sure that only one bot instance is running
2026-04-12 09:36:00,355 - INFO - ⏳ Initializing bot components...
2026-04-12 09:36:00,356 - INFO - Connecting to 91.108.56.177:443/TcpFull...
2026-04-12 09:36:00,496 - INFO - Connection to 91.108.56.177:443/TcpFull complete!
2026-04-12 09:36:01,474 - INFO - 🚀 Bridge workers started
2026-04-12 09:36:01,476 - INFO - 📥 Response handler started
2026-04-12 09:36:01,476 - INFO - 🔔 Status update handler started
2026-04-12 09:36:02,461 - INFO - ✅ Webhook cleared, pending updates dropped
2026-04-12 09:36:02,716 - INFO - ✅ Old updates skipped
2026-04-12 09:36:02,717 - INFO - 🚀 Bot started successfully
2026-04-12 09:36:02,717 - INFO - Start polling.
2026-04-12 09:36:08,740 - ERROR - Cause exception while getting updates.
Traceback (most recent call last):
  File "/Users/vivekkumar/Library/Python/3.9/lib/python/site-packages/aiogram/dispatcher/dispatcher.py", line 381, in start_polling
    updates = await self.bot.get_updates(
  File "/Users/vivekkumar/Library/Python/3.9/lib/python/site-packages/aiogram/bot/bot.py", line 110, in get_updates
    result = await self.request(api.Methods.GET_UPDATES, payload)
  File "/Users/vivekkumar/Library/Python/3.9/lib/python/site-packages/aiogram/bot/base.py", line 236, in request
    return await api.make_request(await self.get_session(), self.server, self.__token, method, data, files,
  File "/Users/vivekkumar/Library/Python/3.9/lib/python/site-packages/aiogram/bot/api.py", line 140, in make_request
    return check_result(method, response.content_type, response.status, await response.text())
  File "/Users/vivekkumar/Library/Python/3.9/lib/python/site-packages/aiogram/bot/api.py", line 119, in check_result
    exceptions.ConflictError.detect(description)
  File "/Users/vivekkumar/Library/Python/3.9/lib/python/site-packages/aiogram/utils/exceptions.py", line 140, in detect
    raise err(cls.text or description)
aiogram.utils.exceptions.TerminatedByOtherGetUpdates: Terminated by other getupdates request; make sure that only one bot instance is running
2026-04-12 09:36:38,771 - INFO - ⏳ Initializing bot components...
2026-04-12 09:36:38,772 - INFO - Connecting to 91.108.56.177:443/TcpFull...
2026-04-12 09:36:38,879 - INFO - Connection to 91.108.56.177:443/TcpFull complete!
2026-04-12 09:36:39,943 - INFO - 🚀 Bridge workers started
2026-04-12 09:36:39,945 - INFO - 📥 Response handler started
2026-04-12 09:36:39,945 - INFO - 🔔 Status update handler started
2026-04-12 09:36:40,817 - INFO - ✅ Webhook cleared, pending updates dropped
2026-04-12 09:36:41,021 - INFO - ✅ Old updates skipped
2026-04-12 09:36:41,022 - INFO - 🚀 Bot started successfully
2026-04-12 09:36:41,022 - INFO - Start polling.
2026-04-12 09:40:14,522 - INFO - ⏳ Initializing bot components...
2026-04-12 09:40:14,523 - INFO - Connecting to 91.108.56.177:443/TcpFull...
2026-04-12 09:40:14,667 - INFO - Connection to 91.108.56.177:443/TcpFull complete!
2026-04-12 09:40:16,502 - INFO - 🚀 Bridge workers started
2026-04-12 09:40:16,503 - INFO - 📥 Response handler started
2026-04-12 09:40:16,503 - INFO - 🔔 Status update handler started
2026-04-12 09:40:17,739 - INFO - ✅ Webhook cleared, pending updates dropped
2026-04-12 09:40:17,946 - INFO - ✅ Old updates skipped
2026-04-12 09:40:17,946 - INFO - 🚀 Bot started successfully
2026-04-12 09:40:17,946 - INFO - Start polling.
2026-04-12 09:42:47,887 - ERROR - Cause exception while getting updates.
Traceback (most recent call last):
  File "/Users/vivekkumar/Library/Python/3.9/lib/python/site-packages/aiogram/dispatcher/dispatcher.py", line 381, in start_polling
    updates = await self.bot.get_updates(
  File "/Users/vivekkumar/Library/Python/3.9/lib/python/site-packages/aiogram/bot/bot.py", line 110, in get_updates
    result = await self.request(api.Methods.GET_UPDATES, payload)
  File "/Users/vivekkumar/Library/Python/3.9/lib/python/site-packages/aiogram/bot/base.py", line 236, in request
    return await api.make_request(await self.get_session(), self.server, self.__token, method, data, files,
  File "/Users/vivekkumar/Library/Python/3.9/lib/python/site-packages/aiogram/bot/api.py", line 140, in make_request
    return check_result(method, response.content_type, response.status, await response.text())
  File "/Users/vivekkumar/Library/Python/3.9/lib/python/site-packages/aiogram/bot/api.py", line 119, in check_result
    exceptions.ConflictError.detect(description)
  File "/Users/vivekkumar/Library/Python/3.9/lib/python/site-packages/aiogram/utils/exceptions.py", line 140, in detect
    raise err(cls.text or description)
aiogram.utils.exceptions.TerminatedByOtherGetUpdates: Terminated by other getupdates request; make sure that only one bot instance is running
2026-04-12 09:42:58,428 - ERROR - Cause exception while getting updates.
Traceback (most recent call last):
  File "/Users/vivekkumar/Library/Python/3.9/lib/python/site-packages/aiogram/dispatcher/dispatcher.py", line 381, in start_polling
    updates = await self.bot.get_updates(
  File "/Users/vivekkumar/Library/Python/3.9/lib/python/site-packages/aiogram/bot/bot.py", line 110, in get_updates
    result = await self.request(api.Methods.GET_UPDATES, payload)
  File "/Users/vivekkumar/Library/Python/3.9/lib/python/site-packages/aiogram/bot/base.py", line 236, in request
    return await api.make_request(await self.get_session(), self.server, self.__token, method, data, files,
  File "/Users/vivekkumar/Library/Python/3.9/lib/python/site-packages/aiogram/bot/api.py", line 140, in make_request
    return check_result(method, response.content_type, response.status, await response.text())
  File "/Users/vivekkumar/Library/Python/3.9/lib/python/site-packages/aiogram/bot/api.py", line 119, in check_result
    exceptions.ConflictError.detect(description)
  File "/Users/vivekkumar/Library/Python/3.9/lib/python/site-packages/aiogram/utils/exceptions.py", line 140, in detect
    raise err(cls.text or description)
aiogram.utils.exceptions.TerminatedByOtherGetUpdates: Terminated by other getupdates request; make sure that only one bot instance is running
